<?xml version="1.0" encoding="UTF-8"?>
<!-- Generated by org.testng.reporters.JUnitXMLReporter -->
<testsuite hostname="Nehas-MacBook-Pro.local" ignored="0" name="SFDCLogin_Test" tests="4" failures="0" timestamp="16 Jun 2020 18:17:30 GMT" time="15.589" errors="0">
  <testcase name="validateLoginPageTitleTest" time="0.045" classname="com.sfdc.qa.testcases.LoginPageTest"/>
  <testcase name="validateLogoOfPageTitleTest" time="0.09" classname="com.sfdc.qa.testcases.LoginPageTest"/>
  <testcase name="validCredentialsSFDCTest" time="6.815" classname="com.sfdc.qa.testcases.LoginPageTest"/>
  <testcase name="invalidCredentialsSFDCTest" time="0.511" classname="com.sfdc.qa.testcases.LoginPageTest"/>
</testsuite> <!-- SFDCLogin_Test -->
