<?xml version="1.0" encoding="UTF-8"?>
<!-- Generated by org.testng.reporters.JUnitXMLReporter -->
<testsuite hostname="Nehas-MacBook-Pro.local" ignored="0" name="Default test" tests="4" failures="0" timestamp="16 Jun 2020 04:40:08 GMT" time="10.327" errors="0">
  <testcase name="validateLoginPageTitleTest" time="0.048" classname="com.sfdc.qa.testcases.LoginPageTest"/>
  <testcase name="validateLogoOfPageTitleTest" time="0.059" classname="com.sfdc.qa.testcases.LoginPageTest"/>
  <testcase name="validCredentialsSFDCTest" time="1.616" classname="com.sfdc.qa.testcases.LoginPageTest"/>
  <testcase name="invalidCredentialsSFDCTest" time="0.535" classname="com.sfdc.qa.testcases.LoginPageTest"/>
</testsuite> <!-- Default test -->
