<?xml version="1.0" encoding="UTF-8"?>
<!-- Generated by org.testng.reporters.JUnitXMLReporter -->
<testsuite hostname="Nehas-MacBook-Pro.local" ignored="0" name="Default test" tests="4" failures="0" timestamp="15 Jun 2020 18:54:57 GMT" time="10.424" errors="0">
  <testcase name="validateLoginPageTitle" time="0.041" classname="com.sfdc.qa.testcases.LoginPageTest"/>
  <testcase name="validateLogoOfPageTitle" time="0.108" classname="com.sfdc.qa.testcases.LoginPageTest"/>
  <testcase name="tc1NavigateToSFDC" time="1.539" classname="com.sfdc.qa.testcases.LoginPageTest"/>
  <testcase name="logintest_invalidCredentials" time="0.585" classname="com.sfdc.qa.testcases.LoginPageTest"/>
</testsuite> <!-- Default test -->
