<?xml version="1.0" encoding="UTF-8"?>
<testsuite xmlns:xsi="http://www.w3.org/2001/XMLSchema-instance" xsi:noNamespaceSchemaLocation="https://maven.apache.org/surefire/maven-surefire-plugin/xsd/surefire-test-report.xsd" name="TestSuite" time="16.029" tests="4" errors="0" skipped="0" failures="0">
  <properties>
[...]
</properties>
  <testcase name="validateLoginPageTitleTest" classname="com.sfdc.qa.testcases.LoginPageTest" time="0.045"/>
  <testcase name="validateLogoOfPageTitleTest" classname="com.sfdc.qa.testcases.LoginPageTest" time="0.09"/>
  <testcase name="validCredentialsSFDCTest" classname="com.sfdc.qa.testcases.LoginPageTest" time="6.815"/>
  <testcase name="invalidCredentialsSFDCTest" classname="com.sfdc.qa.testcases.LoginPageTest" time="0.511"/>
</testsuite>