<?xml version="1.0" encoding="UTF-8"?>
<testng-results skipped="0" failed="0" ignored="0" total="4" passed="4">
  <reporter-output>
  </reporter-output>
  <suite name="Default suite" duration-ms="10327" started-at="2020-06-16T04:39:58Z" finished-at="2020-06-16T04:40:08Z">
    <groups>
    </groups>
    <test name="Default test" duration-ms="10327" started-at="2020-06-16T04:39:58Z" finished-at="2020-06-16T04:40:08Z">
      <class name="com.sfdc.qa.testcases.LoginPageTest">
        <test-method status="PASS" signature="setup()[pri:0, instance:com.sfdc.qa.testcases.LoginPageTest@2133814f]" name="setup" is-config="true" duration-ms="2101" started-at="2020-06-15T23:39:58Z" finished-at="2020-06-15T23:40:00Z">
          <reporter-output>
          </reporter-output>
        </test-method> <!-- setup -->
        <test-method status="PASS" signature="validateLoginPageTitleTest()[pri:1, instance:com.sfdc.qa.testcases.LoginPageTest@2133814f]" name="validateLoginPageTitleTest" duration-ms="48" started-at="2020-06-15T23:40:00Z" finished-at="2020-06-15T23:40:00Z">
          <reporter-output>
          </reporter-output>
        </test-method> <!-- validateLoginPageTitleTest -->
        <test-method status="PASS" signature="tearDown()[pri:0, instance:com.sfdc.qa.testcases.LoginPageTest@2133814f]" name="tearDown" is-config="true" duration-ms="80" started-at="2020-06-15T23:40:00Z" finished-at="2020-06-15T23:40:00Z">
          <reporter-output>
          </reporter-output>
        </test-method> <!-- tearDown -->
        <test-method status="PASS" signature="setup()[pri:0, instance:com.sfdc.qa.testcases.LoginPageTest@2133814f]" name="setup" is-config="true" duration-ms="1959" started-at="2020-06-15T23:40:00Z" finished-at="2020-06-15T23:40:02Z">
          <reporter-output>
          </reporter-output>
        </test-method> <!-- setup -->
        <test-method status="PASS" signature="validateLogoOfPageTitleTest()[pri:2, instance:com.sfdc.qa.testcases.LoginPageTest@2133814f]" name="validateLogoOfPageTitleTest" duration-ms="59" started-at="2020-06-15T23:40:02Z" finished-at="2020-06-15T23:40:02Z">
          <reporter-output>
          </reporter-output>
        </test-method> <!-- validateLogoOfPageTitleTest -->
        <test-method status="PASS" signature="tearDown()[pri:0, instance:com.sfdc.qa.testcases.LoginPageTest@2133814f]" name="tearDown" is-config="true" duration-ms="81" started-at="2020-06-15T23:40:02Z" finished-at="2020-06-15T23:40:02Z">
          <reporter-output>
          </reporter-output>
        </test-method> <!-- tearDown -->
        <test-method status="PASS" signature="setup()[pri:0, instance:com.sfdc.qa.testcases.LoginPageTest@2133814f]" name="setup" is-config="true" duration-ms="1743" started-at="2020-06-15T23:40:02Z" finished-at="2020-06-15T23:40:04Z">
          <reporter-output>
          </reporter-output>
        </test-method> <!-- setup -->
        <test-method status="PASS" signature="validCredentialsSFDCTest(java.lang.String, java.lang.String)[pri:3, instance:com.sfdc.qa.testcases.LoginPageTest@2133814f]" name="validCredentialsSFDCTest" duration-ms="1616" started-at="2020-06-15T23:40:04Z" data-provider="Data_UsernameAndPassword" finished-at="2020-06-15T23:40:06Z">
          <params>
            <param index="0">
              <value>
                <![CDATA[neha.s@salesforce.com]]>
              </value>
            </param>
            <param index="1">
              <value>
                <![CDATA[test@123]]>
              </value>
            </param>
          </params>
          <reporter-output>
          </reporter-output>
        </test-method> <!-- validCredentialsSFDCTest -->
        <test-method status="PASS" signature="tearDown()[pri:0, instance:com.sfdc.qa.testcases.LoginPageTest@2133814f]" name="tearDown" is-config="true" duration-ms="98" started-at="2020-06-15T23:40:06Z" finished-at="2020-06-15T23:40:06Z">
          <reporter-output>
          </reporter-output>
        </test-method> <!-- tearDown -->
        <test-method status="PASS" signature="setup()[pri:0, instance:com.sfdc.qa.testcases.LoginPageTest@2133814f]" name="setup" is-config="true" duration-ms="1761" started-at="2020-06-15T23:40:06Z" finished-at="2020-06-15T23:40:07Z">
          <reporter-output>
          </reporter-output>
        </test-method> <!-- setup -->
        <test-method status="PASS" signature="invalidCredentialsSFDCTest(java.lang.String, java.lang.String)[pri:4, instance:com.sfdc.qa.testcases.LoginPageTest@2133814f]" name="invalidCredentialsSFDCTest" duration-ms="535" started-at="2020-06-15T23:40:07Z" data-provider="InvalidUsernameAndPassword" finished-at="2020-06-15T23:40:08Z">
          <params>
            <param index="0">
              <value>
                <![CDATA[neha.s@salesforce.com]]>
              </value>
            </param>
            <param index="1">
              <value>
                <![CDATA[]]>
              </value>
            </param>
          </params>
          <reporter-output>
          </reporter-output>
        </test-method> <!-- invalidCredentialsSFDCTest -->
        <test-method status="PASS" signature="tearDown()[pri:0, instance:com.sfdc.qa.testcases.LoginPageTest@2133814f]" name="tearDown" is-config="true" duration-ms="87" started-at="2020-06-15T23:40:08Z" finished-at="2020-06-15T23:40:08Z">
          <reporter-output>
          </reporter-output>
        </test-method> <!-- tearDown -->
      </class> <!-- com.sfdc.qa.testcases.LoginPageTest -->
    </test> <!-- Default test -->
  </suite> <!-- Default suite -->
</testng-results>
