<?xml version="1.0" encoding="UTF-8"?>
<!-- Generated by org.testng.reporters.JUnitXMLReporter -->
<testsuite hostname="Nehas-MacBook-Pro.local" ignored="0" name="SFDCLogin_Test" tests="4" failures="0" timestamp="16 Jun 2020 04:14:42 GMT" time="11.509" errors="0">
  <testcase name="validateLoginPageTitleTest" time="0.049" classname="com.sfdc.qa.testcases.LoginPageTest"/>
  <testcase name="validateLogoOfPageTitleTest" time="0.072" classname="com.sfdc.qa.testcases.LoginPageTest"/>
  <testcase name="validCredentialsSFDCTest" time="1.683" classname="com.sfdc.qa.testcases.LoginPageTest"/>
  <testcase name="invalidCredentialsSFDCTest" time="0.541" classname="com.sfdc.qa.testcases.LoginPageTest"/>
</testsuite> <!-- SFDCLogin_Test -->
