<?xml version="1.0" encoding="UTF-8"?>
<!-- Generated by org.testng.reporters.JUnitXMLReporter -->
<testsuite hostname="Nehas-MacBook-Pro.local" ignored="0" name="SFDCLogin_Test" tests="4" failures="0" timestamp="16 Jun 2020 16:57:24 GMT" time="9.868" errors="0">
  <testcase name="validateLoginPageTitleTest" time="0.043" classname="com.sfdc.qa.testcases.LoginPageTest"/>
  <testcase name="validateLogoOfPageTitleTest" time="0.095" classname="com.sfdc.qa.testcases.LoginPageTest"/>
  <testcase name="validCredentialsSFDCTest" time="0.379" classname="com.sfdc.qa.testcases.LoginPageTest"/>
  <testcase name="invalidCredentialsSFDCTest" time="0.5" classname="com.sfdc.qa.testcases.LoginPageTest"/>
</testsuite> <!-- SFDCLogin_Test -->
